------------------------DEBUG INFO-----------------------
ALPHA : 50
BETA : 100
OMEGA : 900
Boundary : 0,5,3576,350
Window Id : (0,0)
InnerGroup : 0
CrossGroup : 0
Window Id : (1,0)
InnerGroup : 0
CrossGroup : 0
Window Id : (2,0)
InnerGroup : 0
CrossGroup : 0
Window Id : (3,0)
InnerGroup : 0
CrossGroup : 0
---------------------------------------------------------
WIN[1]=0,-550,900,350(0.00 0.00)
WIN[2]=900,-550,1800,350(0.00 0.00)
WIN[3]=1800,-550,2700,350(0.00 0.00)
WIN[4]=2676,-550,3576,350(0.00 0.00)
GROUP
NO[1]=0,301,14,306
NO[2]=5,270,32,276
NO[3]=11,57,44,68
NO[4]=14,36,47,42
NO[5]=18,15,32,28
NO[6]=20,316,72,321
NO[7]=23,330,27,332
NO[8]=25,297,72,308
NO[9]=27,255,53,265
NO[10]=30,338,38,344
NO[11]=32,93,58,105
NO[12]=38,109,72,125
NO[13]=44,243,69,252
NO[14]=47,342,87,350
NO[15]=53,187,75,194
NO[16]=58,136,90,155
NO[17]=72,330,87,340
NO[18]=75,284,90,288
NO[19]=78,249,121,260
NO[20]=80,165,126,179
NO[21]=87,308,114,312
NO[22]=90,276,119,281
NO[23]=95,68,150,83
NO[24]=99,293,150,301
NO[25]=105,46,140,63
NO[26]=108,28,119,42
NO[27]=119,146,145,157
NO[28]=126,260,142,274
NO[29]=131,28,150,31
NO[30]=142,182,182,187
NO[31]=145,216,191,239
NO[32]=150,5,166,23
NO[33]=161,301,185,312
NO[34]=166,165,196,174
NO[35]=172,102,205,115
NO[36]=178,51,207,63
NO[37]=180,36,202,46
NO[38]=185,21,227,31
NO[39]=189,136,205,141
NO[40]=191,270,211,284
NO[41]=196,121,227,125
NO[42]=200,288,233,306
NO[43]=202,174,227,184
NO[44]=207,241,218,252
NO[45]=211,332,221,338
NO[46]=221,265,262,281
NO[47]=233,9,243,21
NO[48]=238,102,270,105
NO[49]=243,249,262,260
NO[50]=246,9,262,23
NO[51]=252,308,280,312
NO[52]=258,184,270,197
NO[53]=262,332,298,338
NO[54]=266,23,310,36
NO[55]=270,63,298,68
NO[56]=276,342,286,348
NO[57]=278,15,292,21
NO[58]=286,93,304,98
NO[59]=292,152,338,155
NO[60]=298,102,304,121
NO[61]=301,344,361,348
NO[62]=304,255,325,274
NO[63]=310,243,344,252
NO[64]=316,28,344,42
NO[65]=319,216,348,233
NO[66]=330,255,361,270
NO[67]=335,128,365,141
NO[68]=338,197,386,204
NO[69]=348,23,396,31
NO[70]=353,233,368,247
NO[71]=372,157,389,170
NO[72]=381,146,403,155
NO[73]=383,210,389,233
NO[74]=386,179,403,187
NO[75]=396,216,415,239
NO[76]=398,63,449,68
NO[77]=403,297,439,308
NO[78]=412,165,458,174
NO[79]=415,241,447,249
NO[80]=421,210,456,233
NO[81]=439,265,447,276
NO[82]=443,312,471,316
NO[83]=447,98,482,109
NO[84]=449,85,471,93
NO[85]=452,270,480,274
NO[86]=458,5,511,9
NO[87]=463,281,498,286
NO[88]=465,179,496,192
NO[89]=471,42,507,51
NO[90]=474,252,527,265
NO[91]=480,162,519,174
NO[92]=482,121,513,130
NO[93]=487,194,541,197
NO[94]=496,85,513,89
NO[95]=498,233,519,247
NO[96]=507,21,541,28
NO[97]=511,210,541,227
NO[98]=513,276,558,288
NO[99]=524,340,546,348
NO[100]=527,46,578,68
NO[101]=533,187,541,192
NO[102]=536,31,555,36
NO[103]=541,293,587,306
NO[104]=546,130,575,136
NO[105]=552,15,564,21
NO[106]=564,316,602,332
NO[107]=575,222,609,233
NO[108]=582,338,606,342
NO[109]=587,105,611,125
NO[110]=597,42,618,46
NO[111]=609,136,613,146
NO[112]=611,241,654,249
NO[113]=613,321,635,325
NO[114]=618,255,631,265
NO[115]=620,210,635,233
NO[116]=635,288,659,301
NO[117]=641,46,656,68
NO[118]=645,128,659,141
NO[119]=650,281,675,286
NO[120]=656,325,688,338
NO[121]=665,297,699,312
NO[122]=670,197,721,204
NO[123]=675,170,688,174
NO[124]=680,152,688,155
NO[125]=685,281,694,284
NO[126]=688,81,706,83
NO[127]=694,165,702,174
NO[128]=699,115,742,130
NO[129]=706,332,751,344
NO[130]=712,325,721,330
NO[131]=721,184,728,194
NO[132]=723,306,747,308
NO[133]=731,71,751,76
NO[134]=735,146,758,162
NO[135]=742,252,758,255
NO[136]=758,321,804,332
NO[137]=763,286,814,293
NO[138]=768,121,799,136
NO[139]=773,28,781,42
NO[140]=776,265,818,274
NO[141]=781,152,831,162
NO[142]=796,301,840,312
NO[143]=799,71,852,76
NO[144]=804,102,862,121
NO[145]=814,170,837,182
NO[146]=820,125,831,128
NO[147]=840,184,891,192
NO[148]=848,293,883,308
NO[149]=852,9,871,21
NO[150]=858,199,896,210
NO[151]=862,265,888,281
NO[152]=865,71,909,85
NO[153]=869,130,878,141
NO[154]=871,51,891,57
NO[155]=873,42,891,46
NO[156]=878,316,888,330
NO[157]=888,348,927,350
NO[158]=891,276,930,281
NO[159]=896,342,927,344
NO[160]=901,162,940,165
NO[161]=907,249,917,260
NO[162]=909,199,956,216
NO[163]=911,125,962,136
NO[164]=917,87,930,93
NO[165]=921,115,959,121
NO[166]=927,5,980,21
NO[167]=930,301,959,312
NO[168]=940,274,986,276
NO[169]=952,157,990,165
NO[170]=959,81,964,83
NO[171]=962,330,980,332
NO[172]=964,152,1010,155
NO[173]=970,51,986,68
NO[174]=973,85,990,93
NO[175]=977,121,1015,136
NO[176]=983,288,1007,297
NO[177]=986,141,1010,146
NO[178]=994,338,1039,344
NO[179]=997,265,1030,270
NO[180]=1007,255,1019,260
NO[181]=1010,109,1052,115
NO[182]=1013,76,1048,83
NO[183]=1019,9,1052,23
NO[184]=1022,157,1068,174
NO[185]=1026,312,1057,330
NO[186]=1030,348,1085,350
NO[187]=1034,42,1052,63
NO[188]=1039,85,1085,89
NO[189]=1042,281,1076,293
NO[190]=1052,192,1076,194
NO[191]=1057,239,1103,243
NO[192]=1062,115,1095,128
NO[193]=1068,51,1095,68
NO[194]=1070,71,1114,83
NO[195]=1072,197,1107,199
NO[196]=1095,260,1132,276
NO[197]=1100,21,1118,31
NO[198]=1105,192,1126,194
NO[199]=1109,146,1143,152
NO[200]=1112,252,1161,255
NO[201]=1114,342,1143,0
NO[202]=1124,28,1143,46
NO[203]=1126,98,1141,105
NO[204]=1129,170,1161,182
NO[205]=1148,241,1170,243
NO[206]=1154,15,1161,31
NO[207]=1158,293,1176,297
NO[208]=1161,330,1206,332
NO[209]=1166,210,1174,227
NO[210]=1168,68,1193,83
NO[211]=1174,5,1193,9
NO[212]=1176,157,1210,170
NO[213]=1178,308,1206,321
NO[214]=1184,270,1210,284
NO[215]=1186,42,1235,57
NO[216]=1188,255,1206,265
NO[217]=1197,192,1239,197
NO[218]=1202,115,1220,121
NO[219]=1206,125,1244,130
NO[220]=1210,63,1220,71
NO[221]=1212,340,1263,348
NO[222]=1214,28,1251,31
NO[223]=1220,15,1263,23
NO[224]=1224,265,1263,276
NO[225]=1226,87,1270,102
NO[226]=1232,249,1267,255
NO[227]=1239,301,1273,312
NO[228]=1244,81,1270,85
NO[229]=1246,162,1277,165
NO[230]=1251,243,1263,247
NO[231]=1256,68,1283,76
NO[232]=1263,288,1294,297
NO[233]=1267,182,1294,192
NO[234]=1273,222,1303,239
NO[235]=1277,28,1326,31
NO[236]=1283,130,1303,152
NO[237]=1288,165,1297,174
NO[238]=1294,71,1317,76
NO[239]=1297,293,1307,308
NO[240]=1301,252,1353,260
NO[241]=1303,83,1336,93
NO[242]=1307,63,1340,68
NO[243]=1312,340,1331,350
NO[244]=1317,136,1336,152
NO[245]=1326,9,1348,15
NO[246]=1336,197,1368,210
NO[247]=1340,23,1376,31
NO[248]=1348,308,1393,312
NO[249]=1353,170,1407,184
NO[250]=1359,98,1393,105
NO[251]=1362,288,1382,293
NO[252]=1368,243,1376,247
NO[253]=1371,265,1398,270
NO[254]=1382,192,1436,194
NO[255]=1396,340,1448,348
NO[256]=1398,332,1436,338
NO[257]=1401,146,1448,157
NO[258]=1407,42,1420,57
NO[259]=1416,321,1451,325
NO[260]=1425,276,1474,288
NO[261]=1436,71,1460,85
NO[262]=1442,247,1460,260
NO[263]=1448,306,1499,308
NO[264]=1451,23,1487,28
NO[265]=1457,136,1490,152
NO[266]=1466,316,1474,330
NO[267]=1469,57,1523,63
NO[268]=1474,85,1517,89
NO[269]=1478,293,1490,301
NO[270]=1483,348,1504,350
NO[271]=1495,276,1539,281
NO[272]=1504,68,1526,71
NO[273]=1508,192,1523,197
NO[274]=1510,109,1561,125
NO[275]=1523,174,1536,184
NO[276]=1536,241,1572,252
NO[277]=1539,222,1574,239
NO[278]=1545,301,1554,312
NO[279]=1549,197,1567,199
NO[280]=1554,274,1600,284
NO[281]=1561,63,1579,71
NO[282]=1563,286,1604,297
NO[283]=1572,102,1615,105
NO[284]=1576,243,1615,249
NO[285]=1579,330,1628,342
NO[286]=1584,85,1613,93
NO[287]=1590,71,1610,83
NO[288]=1596,46,1615,63
NO[289]=1613,155,1635,170
NO[290]=1615,260,1670,265
NO[291]=1618,102,1639,105
NO[292]=1628,270,1647,274
NO[293]=1631,199,1664,204
NO[294]=1635,288,1678,297
NO[295]=1639,179,1668,184
NO[296]=1644,308,1683,325
NO[297]=1652,165,1701,174
NO[298]=1664,157,1693,162
NO[299]=1668,281,1714,286
NO[300]=1676,274,1693,276
NO[301]=1678,63,1711,81
NO[302]=1683,115,1730,121
NO[303]=1685,348,1693,350
NO[304]=1687,98,1701,109
NO[305]=1693,252,1716,260
NO[306]=1701,187,1746,192
NO[307]=1706,243,1758,247
NO[308]=1711,146,1749,157
NO[309]=1714,9,1762,23
NO[310]=1716,105,1749,109
NO[311]=1722,125,1755,136
NO[312]=1727,222,1735,233
NO[313]=1730,276,1749,286
NO[314]=1735,115,1786,121
NO[315]=1746,87,1771,102
NO[316]=1758,284,1809,297
NO[317]=1762,255,1796,274
NO[318]=1768,76,1781,81
NO[319]=1771,342,1811,348
NO[320]=1776,199,1824,204
NO[321]=1779,63,1821,71
NO[322]=1781,187,1792,197
NO[323]=1801,23,1811,36
NO[324]=1811,321,1857,338
NO[325]=1813,297,1829,301
NO[326]=1818,286,1829,293
NO[327]=1821,93,1849,109
NO[328]=1829,28,1879,42
NO[329]=1835,252,1873,265
NO[330]=1838,146,1885,157
NO[331]=1844,194,1879,210
NO[332]=1851,297,1896,306
NO[333]=1855,9,1891,21
NO[334]=1857,102,1879,105
NO[335]=1861,130,1889,136
NO[336]=1865,348,1896,350
NO[337]=1873,340,1926,342
NO[338]=1876,121,1915,128
NO[339]=1885,274,1928,281
NO[340]=1889,28,1940,42
NO[341]=1891,199,1928,210
NO[342]=1896,179,1948,187
NO[343]=1905,288,1955,306
NO[344]=1910,308,1928,325
NO[345]=1915,89,1948,102
NO[346]=1932,21,1943,23
NO[347]=1940,109,1974,125
NO[348]=1943,197,1958,210
NO[349]=1948,312,1995,316
NO[350]=1951,182,1995,194
NO[351]=1958,31,1995,51
NO[352]=1963,87,1970,98
NO[353]=1967,15,1989,23
NO[354]=1974,210,2015,222
NO[355]=1981,227,2023,233
NO[356]=1989,301,2005,308
NO[357]=1995,152,2023,157
NO[358]=1997,249,2010,252
NO[359]=1999,199,2012,204
NO[360]=2005,241,2012,247
NO[361]=2012,68,2059,81
NO[362]=2015,293,2044,306
NO[363]=2018,93,2072,98
NO[364]=2020,121,2028,128
NO[365]=2023,105,2053,109
NO[366]=2028,46,2055,57
NO[367]=2032,157,2047,162
NO[368]=2044,332,2066,344
NO[369]=2053,115,2093,125
NO[370]=2055,247,2101,252
NO[371]=2059,321,2066,330
NO[372]=2064,105,2072,109
NO[373]=2072,71,2082,76
NO[374]=2078,332,2093,338
NO[375]=2082,93,2111,98
NO[376]=2091,68,2103,83
NO[377]=2093,197,2125,210
NO[378]=2097,216,2111,233
NO[379]=2101,344,2117,350
NO[380]=2103,85,2147,89
NO[381]=2105,284,2132,297
NO[382]=2107,192,2154,194
NO[383]=2111,249,2154,252
NO[384]=2117,270,2154,281
NO[385]=2123,155,2154,162
NO[386]=2130,136,2181,141
NO[387]=2132,93,2154,105
NO[388]=2137,312,2154,330
NO[389]=2141,184,2187,187
NO[390]=2147,146,2175,152
NO[391]=2160,199,2193,204
NO[392]=2165,308,2172,325
NO[393]=2169,340,2211,344
NO[394]=2172,293,2187,297
NO[395]=2175,321,2199,338
NO[396]=2181,348,2196,350
NO[397]=2185,301,2206,312
NO[398]=2187,260,2206,265
NO[399]=2193,130,2201,141
NO[400]=2196,51,2236,68
NO[401]=2199,284,2232,293
NO[402]=2206,174,2242,187
NO[403]=2208,81,2242,85
NO[404]=2215,260,2232,265
NO[405]=2218,340,2250,350
NO[406]=2223,321,2250,330
NO[407]=2229,89,2261,102
NO[408]=2232,36,2270,42
NO[409]=2236,233,2259,243
NO[410]=2242,308,2264,316
NO[411]=2255,170,2308,184
NO[412]=2259,199,2288,204
NO[413]=2264,130,2302,136
NO[414]=2270,125,2283,128
NO[415]=2275,281,2283,293
NO[416]=2280,42,2288,46
NO[417]=2283,31,2308,36
NO[418]=2297,98,2330,109
NO[419]=2299,15,2323,21
NO[420]=2302,243,2343,255
NO[421]=2308,68,2350,71
NO[422]=2314,125,2348,141
NO[423]=2320,270,2339,276
NO[424]=2330,182,2339,194
NO[425]=2334,102,2350,115
NO[426]=2339,15,2348,23
NO[427]=2343,36,2390,42
NO[428]=2350,192,2399,204
NO[429]=2352,321,2380,332
NO[430]=2355,128,2394,130
NO[431]=2357,15,2390,31
NO[432]=2359,293,2380,301
NO[433]=2365,241,2410,243
NO[434]=2378,348,2399,350
NO[435]=2386,157,2406,170
NO[436]=2390,109,2416,115
NO[437]=2394,227,2418,233
NO[438]=2399,98,2433,102
NO[439]=2401,270,2448,274
NO[440]=2406,87,2422,93
NO[441]=2410,31,2452,42
NO[442]=2413,204,2436,210
NO[443]=2416,348,2438,350
NO[444]=2422,141,2470,157
NO[445]=2428,89,2465,93
NO[446]=2433,162,2448,170
NO[447]=2438,51,2479,71
NO[448]=2440,179,2470,187
NO[449]=2443,321,2490,325
NO[450]=2448,330,2485,338
NO[451]=2454,199,2496,210
NO[452]=2461,286,2485,288
NO[453]=2465,194,2506,197
NO[454]=2474,93,2523,98
NO[455]=2485,162,2513,165
NO[456]=2490,260,2496,270
NO[457]=2493,31,2540,46
NO[458]=2502,325,2548,330
NO[459]=2506,102,2523,105
NO[460]=2508,342,2548,350
NO[461]=2511,239,2521,243
NO[462]=2515,121,2565,128
NO[463]=2521,194,2565,210
NO[464]=2528,281,2548,286
NO[465]=2530,270,2575,276
NO[466]=2536,255,2565,265
NO[467]=2540,23,2587,28
NO[468]=2544,36,2570,51
NO[469]=2554,330,2575,342
NO[470]=2560,83,2580,87
NO[471]=2565,344,2603,348
NO[472]=2570,89,2603,93
NO[473]=2575,109,2589,125
NO[474]=2580,241,2611,252
NO[475]=2589,293,2635,308
NO[476]=2593,204,2611,227
NO[477]=2608,28,2670,36
NO[478]=2615,233,2644,241
NO[479]=2619,274,2656,286
NO[480]=2630,312,2650,321
NO[481]=2640,174,2665,187
NO[482]=2644,85,2670,93
NO[483]=2656,325,2674,332
NO[484]=2659,233,2702,239
NO[485]=2665,136,2692,155
NO[486]=2670,265,2688,276
NO[487]=2674,204,2698,210
NO[488]=2678,21,2698,28
NO[489]=2683,87,2711,98
NO[490]=2692,312,2698,321
NO[491]=2695,197,2747,199
NO[492]=2698,340,2729,342
NO[493]=2702,179,2711,187
NO[494]=2705,204,2755,210
NO[495]=2707,57,2715,71
NO[496]=2715,21,2767,28
NO[497]=2719,136,2775,141
NO[498]=2722,31,2773,51
NO[499]=2724,179,2767,187
NO[500]=2735,115,2792,121
NO[501]=2741,348,2752,350
NO[502]=2747,293,2775,297
NO[503]=2752,321,2775,338
NO[504]=2755,89,2809,102
NO[505]=2767,286,2806,288
NO[506]=2773,199,2811,222
NO[507]=2778,344,2792,350
NO[508]=2784,255,2811,260
NO[509]=2790,174,2809,179
NO[510]=2792,76,2815,83
NO[511]=2798,316,2811,332
NO[512]=2802,247,2846,252
NO[513]=2811,348,2861,350
NO[514]=2818,297,2857,306
NO[515]=2823,165,2846,182
NO[516]=2832,146,2865,152
NO[517]=2838,270,2867,281
NO[518]=2841,342,2865,344
NO[519]=2846,85,2897,93
NO[520]=2852,325,2878,338
NO[521]=2854,15,2897,31
NO[522]=2857,162,2889,179
NO[523]=2861,109,2878,125
NO[524]=2867,247,2897,255
NO[525]=2872,128,2919,136
NO[526]=2875,281,2911,286
NO[527]=2878,42,2897,51
NO[528]=2892,179,2942,192
NO[529]=2900,340,2931,342
NO[530]=2905,46,2960,51
NO[531]=2907,308,2946,316
NO[532]=2911,239,2919,241
NO[533]=2914,36,2928,42
NO[534]=2919,204,2968,210
NO[535]=2922,274,2937,281
NO[536]=2928,68,2960,81
NO[537]=2931,197,2942,199
NO[538]=2946,98,2990,105
NO[539]=2951,83,2964,85
NO[540]=2955,265,3000,270
NO[541]=2960,249,3008,252
NO[542]=2964,68,3000,81
NO[543]=2968,192,3000,199
NO[544]=2973,308,3023,312
NO[545]=2981,344,2990,350
NO[546]=2984,157,3020,165
NO[547]=2994,255,3003,260
NO[548]=2997,204,3010,210
NO[549]=3003,348,3020,350
NO[550]=3008,42,3023,51
NO[551]=3010,316,3028,321
NO[552]=3015,184,3028,197
NO[553]=3020,98,3043,102
NO[554]=3023,9,3031,23
NO[555]=3028,83,3037,93
NO[556]=3037,115,3079,128
NO[557]=3043,46,3074,57
NO[558]=3049,249,3074,255
NO[559]=3051,316,3085,330
NO[560]=3053,276,3063,286
NO[561]=3055,265,3066,274
NO[562]=3057,136,3082,152
NO[563]=3063,182,3100,192
NO[564]=3066,348,3082,350
NO[565]=3074,265,3082,281
NO[566]=3079,340,3093,344
NO[567]=3082,210,3116,233
NO[568]=3085,89,3116,98
NO[569]=3095,286,3104,293
NO[570]=3100,301,3123,308
NO[571]=3104,71,3152,83
NO[572]=3106,115,3123,130
NO[573]=3108,152,3123,162
NO[574]=3116,243,3145,249
NO[575]=3118,276,3145,286
NO[576]=3139,270,3176,274
NO[577]=3145,260,3176,265
NO[578]=3147,233,3168,239
NO[579]=3152,42,3168,51
NO[580]=3156,31,3176,36
NO[581]=3159,5,3191,21
NO[582]=3163,241,3187,243
NO[583]=3168,105,3195,109
NO[584]=3176,187,3197,199
NO[585]=3183,89,3199,102
NO[586]=3191,274,3197,281
NO[587]=3197,51,3216,57
NO[588]=3199,109,3240,115
NO[589]=3201,344,3237,350
NO[590]=3207,216,3253,227
NO[591]=3209,241,3237,249
NO[592]=3212,98,3233,105
NO[593]=3220,89,3237,93
NO[594]=3224,21,3251,36
NO[595]=3227,233,3240,239
NO[596]=3237,301,3245,316
NO[597]=3240,187,3253,199
NO[598]=3251,332,3270,340
NO[599]=3253,233,3262,239
NO[600]=3258,249,3270,265
NO[601]=3262,125,3311,141
NO[602]=3264,306,3270,321
NO[603]=3267,199,3289,204
NO[604]=3270,51,3289,71
NO[605]=3276,330,3309,340
NO[606]=3282,297,3295,312
NO[607]=3286,276,3339,284
NO[608]=3289,165,3339,170
NO[609]=3295,21,3341,36
NO[610]=3298,288,3325,297
NO[611]=3304,93,3311,105
NO[612]=3309,63,3351,68
NO[613]=3311,321,3349,338
NO[614]=3314,146,3330,157
NO[615]=3320,260,3351,274
NO[616]=3328,293,3344,297
NO[617]=3330,192,3361,199
NO[618]=3344,102,3379,115
NO[619]=3351,28,3389,36
NO[620]=3357,63,3383,81
NO[621]=3361,265,3381,274
NO[622]=3363,332,3383,342
NO[623]=3369,170,3375,184
NO[624]=3375,130,3383,141
NO[625]=3379,174,3402,179
NO[626]=3383,321,3397,330
NO[627]=3395,71,3427,76
NO[628]=3397,157,3422,162
NO[629]=3399,5,3405,9
NO[630]=3402,243,3439,255
NO[631]=3405,105,3449,109
NO[632]=3409,179,3433,184
NO[633]=3418,281,3458,284
NO[634]=3422,288,3475,301
NO[635]=3427,308,3458,312
NO[636]=3436,330,3472,338
NO[637]=3439,227,3488,241
NO[638]=3444,252,3460,260
NO[639]=3449,210,3475,216
NO[640]=3453,42,3498,51
NO[641]=3460,197,3468,199
NO[642]=3463,170,3472,182
NO[643]=3468,316,3486,321
NO[644]=3472,89,3495,105
NO[645]=3475,249,3490,255
NO[646]=3481,15,3510,21
NO[647]=3486,340,3512,344
NO[648]=3488,194,3522,197
NO[649]=3490,68,3510,81
NO[650]=3498,130,3522,146
NO[651]=3500,51,3539,63
NO[652]=3504,255,3531,274
NO[653]=3510,109,3550,115
NO[654]=3518,162,3556,174
NO[655]=3522,243,3527,247
NO[656]=3531,227,3576,241
NO[657]=3535,281,3560,284
NO[658]=3539,141,0,155
