------------------------DEBUG INFO-----------------------
ALPHA : 50
BETA : 100
OMEGA : 900
Boundary : 0,6,1185,117
Window Id : (0,0)
InnerGroup : 0
CrossGroup : 0
Window Id : (1,0)
InnerGroup : 0
CrossGroup : 0
---------------------------------------------------------
WIN[1]=0,-783,900,117(0.00 0.00)
WIN[2]=285,-783,1185,117(0.00 0.00)
GROUP
NO[1]=0,6,17,15
NO[2]=4,21,54,34
NO[3]=10,97,33,105
NO[4]=17,45,23,60
NO[5]=20,36,46,40
NO[6]=33,63,78,68
NO[7]=54,105,66,117
NO[8]=60,73,78,78
NO[9]=66,93,78,101
NO[10]=74,28,106,40
NO[11]=88,73,127,80
NO[12]=94,97,127,105
NO[13]=113,54,150,60
NO[14]=127,15,174,21
NO[15]=135,101,184,117
NO[16]=139,93,165,99
NO[17]=155,6,165,10
NO[18]=165,51,192,63
NO[19]=170,80,180,85
NO[20]=174,97,224,99
NO[21]=180,34,229,40
NO[22]=184,80,234,85
NO[23]=201,90,239,93
NO[24]=213,111,267,117
NO[25]=224,45,257,54
NO[26]=239,21,274,28
NO[27]=242,68,291,73
NO[28]=245,97,274,105
NO[29]=263,90,287,93
NO[30]=277,51,317,54
NO[31]=287,36,305,40
NO[32]=291,97,341,111
NO[33]=295,80,341,93
NO[34]=299,6,329,21
NO[35]=311,60,341,78
NO[36]=333,24,341,34
NO[37]=346,54,394,68
NO[38]=352,36,378,45
NO[39]=358,28,378,34
NO[40]=366,15,386,24
NO[41]=370,80,421,97
NO[42]=383,99,396,117
NO[43]=396,63,421,73
NO[44]=401,105,455,117
NO[45]=407,36,464,54
NO[46]=421,24,464,28
NO[47]=424,60,470,78
NO[48]=432,97,455,101
NO[49]=445,90,459,93
NO[50]=470,51,480,54
NO[51]=473,10,486,15
NO[52]=480,40,508,45
NO[53]=486,99,515,105
NO[54]=491,28,521,36
NO[55]=501,93,508,97
NO[56]=503,54,545,68
NO[57]=508,21,545,24
NO[58]=513,10,549,15
NO[59]=526,78,566,90
NO[60]=530,28,581,36
NO[61]=535,99,545,105
NO[62]=553,51,583,60
NO[63]=576,63,585,80
NO[64]=583,10,601,15
NO[65]=585,105,641,117
NO[66]=588,60,620,73
NO[67]=595,36,650,40
NO[68]=615,28,656,34
NO[69]=625,60,663,73
NO[70]=629,78,656,80
NO[71]=645,111,678,117
NO[72]=656,90,663,97
NO[73]=661,21,686,28
NO[74]=668,36,705,45
NO[75]=671,99,716,101
NO[76]=673,78,726,90
NO[77]=678,68,708,73
NO[78]=681,6,705,15
NO[79]=686,111,705,117
NO[80]=692,60,718,63
NO[81]=710,111,739,117
NO[82]=716,34,749,40
NO[83]=721,24,764,28
NO[84]=732,101,774,105
NO[85]=737,90,784,99
NO[86]=739,54,799,63
NO[87]=760,80,771,85
NO[88]=764,6,807,15
NO[89]=774,111,812,117
NO[90]=784,40,824,45
NO[91]=805,93,820,99
NO[92]=812,10,862,21
NO[93]=818,54,848,63
NO[94]=820,68,842,73
NO[95]=830,111,848,117
NO[96]=836,85,882,97
NO[97]=844,78,886,80
NO[98]=848,45,888,51
NO[99]=866,36,874,40
NO[100]=871,15,882,34
NO[101]=882,60,922,73
NO[102]=886,15,916,21
NO[103]=894,51,922,54
NO[104]=898,36,927,45
NO[105]=905,99,941,117
NO[106]=911,80,919,85
NO[107]=927,54,976,68
NO[108]=929,93,979,97
NO[109]=941,80,949,85
NO[110]=947,15,979,24
NO[111]=949,111,1007,117
NO[112]=979,101,998,105
NO[113]=985,36,1003,51
NO[114]=993,10,1009,28
NO[115]=998,90,1021,99
NO[116]=1007,60,1039,68
NO[117]=1009,73,1033,85
NO[118]=1011,51,1045,54
NO[119]=1033,21,1057,28
NO[120]=1045,101,1072,117
NO[121]=1062,93,1098,97
NO[122]=1066,21,1102,34
NO[123]=1076,6,1119,15
NO[124]=1083,78,1108,90
NO[125]=1090,60,1119,73
NO[126]=1117,51,1138,54
NO[127]=1124,80,1152,93
NO[128]=1128,6,1152,24
NO[129]=1134,36,1171,45
NO[130]=1138,63,1185,78
NO[131]=1152,51,1185,60
NO[132]=1160,111,1179,117
