------------------------DEBUG INFO-----------------------
ALPHA : 50
BETA : 100
OMEGA : 900
Boundary : 540,0,1860,1260
Window Id : (0,0)
InnerGroup : 0
CrossGroup : 2
Window Id : (0,1)
InnerGroup : 0
CrossGroup : 2
Window Id : (1,0)
InnerGroup : 0
CrossGroup : 3
Window Id : (1,1)
InnerGroup : 0
CrossGroup : 3
---------------------------------------------------------
WIN[1]=540,0,1440,900(4.27 3.10)
WIN[2]=960,0,1860,900(4.27 6.68)
WIN[3]=540,360,1440,1260(9.74 5.26)
WIN[4]=960,360,1860,1260(18.59 4.57)
GROUP
NO[1]=0,200,185,260
NO[2]=180,50,400,150
NO[3]=100,330,280,400
NO[4]=320,290,480,340
NO[5]=310,395,460,450
GROUP
CA[1]=720,120,940,220
CA[2]=640,400,820,470
CB[1]=540,270,725,330
CB[2]=860,360,1020,410
GROUP
CA[1]=1520,0,1740,100
CA[2]=1440,280,1620,350
CB[1]=1340,150,1525,210
CB[2]=1660,240,1820,340
GROUP
CA[1]=660,1050,845,1110
CA[2]=980,1110,1460,1230
CB[1]=840,900,1060,1000
CB[2]=760,1180,940,1250
GROUP
CA[1]=1560,950,1860,1260
CB[1]=1560,800,1800,900
